<?xml version="1.0" encoding="UTF-8"?>
<robot generator="Robot 7.1.1 (Python 3.12.3 on linux)" generated="2024-10-21T16:06:31.893975" rpa="false" schemaversion="5">
<suite id="s1" name="Robot" source="/home/citco/robot">
<suite id="s1-s1" name="AutomationFiles" source="/home/citco/robot/AutomationFiles">
<suite id="s1-s1-s1" name="Test" source="/home/citco/robot/AutomationFiles/test.robot">
<test id="s1-s1-s1-t1" name="My First Test Case" line="16">
<kw name="Launch Browser">
<kw name="Set Variable" owner="BuiltIn">
<msg time="2024-10-21T16:06:32.198560" level="INFO">${options} = add_argument("--start-maximized")</msg>
<var>${options}</var>
<arg>add_argument("--start-maximized")</arg>
<doc>Returns the given values which can then be assigned to a variables.</doc>
<status status="PASS" start="2024-10-21T16:06:32.198104" elapsed="0.000529"/>
</kw>
<kw name="Open Browser" owner="SeleniumLibrary">
<msg time="2024-10-21T16:06:32.199686" level="INFO">Opening browser 'chrome' to base url 'https://google.com' through remote server at '192.168.49.1:4444'.</msg>
<arg>${url}</arg>
<arg>chrome</arg>
<arg>remote_url=192.168.49.1:4444</arg>
<arg>options=${options}</arg>
<doc>Opens a new browser instance to the optional ``url``.</doc>
<status status="PASS" start="2024-10-21T16:06:32.198999" elapsed="7.384954"/>
</kw>
<status status="PASS" start="2024-10-21T16:06:32.196628" elapsed="7.387605"/>
</kw>
<kw name="Input Text">
<kw name="Input Text" owner="SeleniumLibrary">
<msg time="2024-10-21T16:06:39.587494" level="INFO">Typing text 'Angas' into text field 'id:APjFqb'.</msg>
<arg>${locator}</arg>
<arg>${text}</arg>
<doc>Types the given ``text`` into the text field identified by ``locator``.</doc>
<status status="PASS" start="2024-10-21T16:06:39.586654" elapsed="0.350530"/>
</kw>
<kw name="Sleep" owner="BuiltIn">
<msg time="2024-10-21T16:06:42.937943" level="INFO">Slept 3 seconds.</msg>
<arg>3s</arg>
<doc>Pauses the test executed for the given time.</doc>
<status status="PASS" start="2024-10-21T16:06:39.937505" elapsed="3.000603"/>
</kw>
<arg>id:APjFqb</arg>
<arg>Angas</arg>
<status status="PASS" start="2024-10-21T16:06:39.585600" elapsed="3.352721"/>
</kw>
<kw name="Input Text">
<kw name="Input Text" owner="SeleniumLibrary">
<msg time="2024-10-21T16:06:42.939665" level="INFO">Typing text 'Hello' into text field 'name:q'.</msg>
<arg>${locator}</arg>
<arg>${text}</arg>
<doc>Types the given ``text`` into the text field identified by ``locator``.</doc>
<status status="PASS" start="2024-10-21T16:06:42.939268" elapsed="0.277389"/>
</kw>
<kw name="Sleep" owner="BuiltIn">
<msg time="2024-10-21T16:06:46.217431" level="INFO">Slept 3 seconds.</msg>
<arg>3s</arg>
<doc>Pauses the test executed for the given time.</doc>
<status status="PASS" start="2024-10-21T16:06:43.216958" elapsed="3.000634"/>
</kw>
<arg>name:q</arg>
<arg>Hello</arg>
<status status="PASS" start="2024-10-21T16:06:42.938726" elapsed="3.279036"/>
</kw>
<kw name="Press Keys" owner="SeleniumLibrary">
<msg time="2024-10-21T16:06:46.218698" level="INFO">Sending key(s) ('ENTER',) to name:q element.</msg>
<msg time="2024-10-21T16:06:46.620241" level="INFO">Pressing special key ENTER to element.</msg>
<msg time="2024-10-21T16:06:46.620431" level="INFO">Releasing special key ENTER.</msg>
<arg>name:q</arg>
<arg>ENTER</arg>
<doc>Simulates the user pressing key(s) to an element or on the active browser.</doc>
<status status="PASS" start="2024-10-21T16:06:46.218083" elapsed="0.581287"/>
</kw>
<kw name="Sleep" owner="BuiltIn">
<msg time="2024-10-21T16:06:49.800501" level="INFO">Slept 3 seconds.</msg>
<arg>3s</arg>
<doc>Pauses the test executed for the given time.</doc>
<status status="PASS" start="2024-10-21T16:06:46.799769" elapsed="3.000909"/>
</kw>
<status status="PASS" start="2024-10-21T16:06:32.195314" elapsed="17.605729"/>
</test>
<kw name="Close Browser" owner="SeleniumLibrary" type="TEARDOWN">
<doc>Closes the current browser.</doc>
<status status="PASS" start="2024-10-21T16:06:49.807928" elapsed="0.296405"/>
</kw>
<status status="PASS" start="2024-10-21T16:06:31.951426" elapsed="18.153061"/>
</suite>
<status status="PASS" start="2024-10-21T16:06:31.949314" elapsed="18.159418"/>
</suite>
<status status="PASS" start="2024-10-21T16:06:31.897775" elapsed="18.215730"/>
</suite>
<statistics>
<total>
<stat pass="1" fail="0" skip="0">All Tests</stat>
</total>
<tag>
</tag>
<suite>
<stat pass="1" fail="0" skip="0" id="s1" name="Robot">Robot</stat>
<stat pass="1" fail="0" skip="0" id="s1-s1" name="AutomationFiles">Robot.AutomationFiles</stat>
<stat pass="1" fail="0" skip="0" id="s1-s1-s1" name="Test">Robot.AutomationFiles.Test</stat>
</suite>
</statistics>
<errors>
<msg time="2024-10-21T16:06:32.193206" level="WARN">Imported resource file '/home/citco/robot/Resources/SampleResource.resource' is empty.</msg>
</errors>
</robot>
